<?xml version="1.0" encoding="UTF-8"?>
<testsuite xmlns:xsi="http://www.w3.org/2001/XMLSchema-instance" xsi:noNamespaceSchemaLocation="https://maven.apache.org/surefire/maven-surefire-plugin/xsd/surefire-test-report-3.0.xsd" version="3.0" name="com.example.LionTest" time="0.027" tests="6" errors="0" skipped="0" failures="0">
  <properties>
[...]
</properties>
  <testcase name="constructor_withInvalidSex_shouldThrowException" classname="com.example.LionTest" time="0.002"/>
  <testcase name="constructor_withNullFeline_shouldThrowException" classname="com.example.LionTest" time="0.007"/>
  <testcase name="getKittens_shouldDelegateToFeline" classname="com.example.LionTest" time="0.004"/>
  <testcase name="getFood_shouldCallFelineGetFoodWithPredator" classname="com.example.LionTest" time="0.002"/>
  <testcase name="constructor_withMale_shouldSetHasManeTrue" classname="com.example.LionTest" time="0.0"/>
  <testcase name="constructor_withFemale_shouldSetHasManeFalse" classname="com.example.LionTest" time="0.003"/>
</testsuite>